<?xml version="1.0" encoding="UTF-8"?>
<coverage generated="1733694815731" clover="3.2.0">
  <project timestamp="1733694815731" name="All files">
    <metrics statements="54" coveredstatements="54" conditionals="29" coveredconditionals="29" methods="6" coveredmethods="5" elements="89" coveredelements="88" complexity="0" loc="54" ncloc="54" packages="1" files="2" classes="2"/>
    <file name="printFsTree.js" path="/home/h3ic/node/nodeJS_course/hw3/src/printFsTree.js">
      <metrics statements="27" coveredstatements="27" conditionals="13" coveredconditionals="13" methods="5" coveredmethods="4"/>
      <line num="6" count="1" type="stmt"/>
      <line num="7" count="6" type="stmt"/>
      <line num="9" count="6" type="stmt"/>
      <line num="10" count="6" type="stmt"/>
      <line num="12" count="6" type="cond" truecount="2" falsecount="0"/>
      <line num="13" count="5" type="stmt"/>
      <line num="15" count="5" type="stmt"/>
      <line num="17" count="5" type="stmt"/>
      <line num="19" count="5" type="cond" truecount="5" falsecount="0"/>
      <line num="20" count="3" type="stmt"/>
      <line num="22" count="2" type="stmt"/>
      <line num="25" count="1" type="stmt"/>
      <line num="28" count="3" type="stmt"/>
      <line num="34" count="1" type="stmt"/>
      <line num="35" count="18" type="stmt"/>
      <line num="36" count="18" type="stmt"/>
      <line num="38" count="18" type="cond" truecount="4" falsecount="0"/>
      <line num="39" count="7" type="stmt"/>
      <line num="40" count="7" type="cond" truecount="2" falsecount="0"/>
      <line num="41" count="15" type="stmt"/>
      <line num="45" count="18" type="stmt"/>
      <line num="64" count="1" type="stmt"/>
      <line num="65" count="6" type="stmt"/>
      <line num="66" count="3" type="stmt"/>
      <line num="67" count="3" type="stmt"/>
      <line num="68" count="3" type="stmt"/>
      <line num="69" count="3" type="stmt"/>
    </file>
    <file name="printTree.js" path="/home/h3ic/node/nodeJS_course/hw3/src/printTree.js">
      <metrics statements="27" coveredstatements="27" conditionals="16" coveredconditionals="16" methods="1" coveredmethods="1"/>
      <line num="11" count="1" type="stmt"/>
      <line num="12" count="3" type="stmt"/>
      <line num="13" count="3" type="stmt"/>
      <line num="14" count="3" type="stmt"/>
      <line num="15" count="3" type="stmt"/>
      <line num="17" count="3" type="stmt"/>
      <line num="18" count="21" type="cond" truecount="2" falsecount="0"/>
      <line num="19" count="3" type="stmt"/>
      <line num="22" count="18" type="stmt"/>
      <line num="23" count="18" type="stmt"/>
      <line num="26" count="18" type="cond" truecount="2" falsecount="0"/>
      <line num="27" count="3" type="stmt"/>
      <line num="28" count="15" type="cond" truecount="2" falsecount="0"/>
      <line num="29" count="8" type="cond" truecount="2" falsecount="0"/>
      <line num="30" count="8" type="stmt"/>
      <line num="32" count="7" type="cond" truecount="2" falsecount="0"/>
      <line num="38" count="7" type="stmt"/>
      <line num="40" count="7" type="stmt"/>
      <line num="44" count="18" type="cond" truecount="4" falsecount="0"/>
      <line num="46" count="12" type="cond" truecount="2" falsecount="0"/>
      <line num="47" count="5" type="stmt"/>
      <line num="49" count="12" type="stmt"/>
      <line num="53" count="6" type="stmt"/>
      <line num="55" count="6" type="stmt"/>
      <line num="56" count="15" type="stmt"/>
      <line num="59" count="6" type="stmt"/>
      <line num="60" count="6" type="stmt"/>
    </file>
  </project>
</coverage>
