{"/home/h3ic/node/nodeJS_course/hw3/src/printFsTree.js": {"path":"/home/h3ic/node/nodeJS_course/hw3/src/printFsTree.js","statementMap":{"0":{"start":{"line":6,"column":22},"end":{"line":29,"column":1}},"1":{"start":{"line":7,"column":17},"end":{"line":7,"column":19}},"2":{"start":{"line":9,"column":2},"end":{"line":9,"column":20}},"3":{"start":{"line":10,"column":19},"end":{"line":10,"column":32}},"4":{"start":{"line":12,"column":2},"end":{"line":26,"column":3}},"5":{"start":{"line":13,"column":4},"end":{"line":13,"column":38}},"6":{"start":{"line":15,"column":4},"end":{"line":15,"column":34}},"7":{"start":{"line":17,"column":27},"end":{"line":17,"column":48}},"8":{"start":{"line":19,"column":4},"end":{"line":23,"column":5}},"9":{"start":{"line":20,"column":6},"end":{"line":20,"column":36}},"10":{"start":{"line":22,"column":6},"end":{"line":22,"column":44}},"11":{"start":{"line":25,"column":4},"end":{"line":25,"column":36}},"12":{"start":{"line":28,"column":2},"end":{"line":28,"column":16}},"13":{"start":{"line":34,"column":28},"end":{"line":46,"column":1}},"14":{"start":{"line":35,"column":15},"end":{"line":35,"column":48}},"15":{"start":{"line":36,"column":16},"end":{"line":36,"column":37}},"16":{"start":{"line":38,"column":2},"end":{"line":43,"column":3}},"17":{"start":{"line":39,"column":23},"end":{"line":39,"column":47}},"18":{"start":{"line":40,"column":4},"end":{"line":42,"column":5}},"19":{"start":{"line":41,"column":6},"end":{"line":41,"column":136}},"20":{"start":{"line":41,"column":51},"end":{"line":41,"column":134}},"21":{"start":{"line":45,"column":2},"end":{"line":45,"column":14}},"22":{"start":{"line":64,"column":20},"end":{"line":70,"column":1}},"23":{"start":{"line":65,"column":17},"end":{"line":65,"column":32}},"24":{"start":{"line":66,"column":15},"end":{"line":66,"column":42}},"25":{"start":{"line":67,"column":18},"end":{"line":67,"column":33}},"26":{"start":{"line":68,"column":2},"end":{"line":68,"column":23}},"27":{"start":{"line":69,"column":2},"end":{"line":69,"column":17}}},"fnMap":{"0":{"name":"(anonymous_0)","decl":{"start":{"line":6,"column":22},"end":{"line":6,"column":23}},"loc":{"start":{"line":6,"column":28},"end":{"line":29,"column":1}},"line":6},"1":{"name":"(anonymous_1)","decl":{"start":{"line":13,"column":25},"end":{"line":13,"column":26}},"loc":{"start":{"line":13,"column":34},"end":{"line":13,"column":37}},"line":13},"2":{"name":"(anonymous_2)","decl":{"start":{"line":34,"column":28},"end":{"line":34,"column":29}},"loc":{"start":{"line":34,"column":53},"end":{"line":46,"column":1}},"line":34},"3":{"name":"(anonymous_3)","decl":{"start":{"line":41,"column":34},"end":{"line":41,"column":35}},"loc":{"start":{"line":41,"column":51},"end":{"line":41,"column":134}},"line":41},"4":{"name":"(anonymous_4)","decl":{"start":{"line":64,"column":20},"end":{"line":64,"column":21}},"loc":{"start":{"line":64,"column":26},"end":{"line":70,"column":1}},"line":64}},"branchMap":{"0":{"loc":{"start":{"line":12,"column":2},"end":{"line":26,"column":3}},"type":"if","locations":[{"start":{"line":12,"column":2},"end":{"line":26,"column":3}},{"start":{"line":24,"column":9},"end":{"line":26,"column":3}}],"line":12},"1":{"loc":{"start":{"line":19,"column":4},"end":{"line":23,"column":5}},"type":"if","locations":[{"start":{"line":19,"column":4},"end":{"line":23,"column":5}},{"start":{"line":21,"column":11},"end":{"line":23,"column":5}}],"line":19},"2":{"loc":{"start":{"line":19,"column":8},"end":{"line":19,"column":95}},"type":"binary-expr","locations":[{"start":{"line":19,"column":9},"end":{"line":19,"column":29}},{"start":{"line":19,"column":33},"end":{"line":19,"column":58}},{"start":{"line":19,"column":63},"end":{"line":19,"column":95}}],"line":19},"3":{"loc":{"start":{"line":38,"column":2},"end":{"line":43,"column":3}},"type":"if","locations":[{"start":{"line":38,"column":2},"end":{"line":43,"column":3}},{"start":{},"end":{}}],"line":38},"4":{"loc":{"start":{"line":38,"column":6},"end":{"line":38,"column":38}},"type":"binary-expr","locations":[{"start":{"line":38,"column":6},"end":{"line":38,"column":25}},{"start":{"line":38,"column":29},"end":{"line":38,"column":38}}],"line":38},"5":{"loc":{"start":{"line":40,"column":4},"end":{"line":42,"column":5}},"type":"if","locations":[{"start":{"line":40,"column":4},"end":{"line":42,"column":5}},{"start":{},"end":{}}],"line":40}},"s":{"0":1,"1":6,"2":6,"3":6,"4":6,"5":5,"6":5,"7":5,"8":5,"9":3,"10":2,"11":1,"12":3,"13":1,"14":18,"15":18,"16":18,"17":6,"18":6,"19":6,"20":15,"21":18,"22":1,"23":6,"24":3,"25":3,"26":3,"27":3},"f":{"0":6,"1":0,"2":18,"3":15,"4":6},"b":{"0":[5,1],"1":[3,2],"2":[5,1,5],"3":[6,12],"4":[18,11],"5":[6,0]},"_coverageSchema":"1a1c01bbd47fc00a2c39e90264f33305004495a9","hash":"af7ee272349f4e551ebd151ccac40d9a3b654f30"}
,"/home/h3ic/node/nodeJS_course/hw3/src/printTree.js": {"path":"/home/h3ic/node/nodeJS_course/hw3/src/printTree.js","statementMap":{"0":{"start":{"line":11,"column":25},"end":{"line":62,"column":1}},"1":{"start":{"line":12,"column":12},"end":{"line":12,"column":14}},"2":{"start":{"line":13,"column":14},"end":{"line":13,"column":20}},"3":{"start":{"line":14,"column":18},"end":{"line":14,"column":19}},"4":{"start":{"line":15,"column":41},"end":{"line":15,"column":49}},"5":{"start":{"line":17,"column":2},"end":{"line":61,"column":3}},"6":{"start":{"line":18,"column":4},"end":{"line":20,"column":5}},"7":{"start":{"line":19,"column":6},"end":{"line":19,"column":17}},"8":{"start":{"line":22,"column":19},"end":{"line":22,"column":30}},"9":{"start":{"line":23,"column":4},"end":{"line":23,"column":48}},"10":{"start":{"line":26,"column":4},"end":{"line":41,"column":5}},"11":{"start":{"line":27,"column":6},"end":{"line":27,"column":38}},"12":{"start":{"line":28,"column":11},"end":{"line":41,"column":5}},"13":{"start":{"line":29,"column":26},"end":{"line":29,"column":83}},"14":{"start":{"line":30,"column":6},"end":{"line":30,"column":51}},"15":{"start":{"line":32,"column":26},"end":{"line":32,"column":75}},"16":{"start":{"line":38,"column":21},"end":{"line":38,"column":50}},"17":{"start":{"line":40,"column":6},"end":{"line":40,"column":61}},"18":{"start":{"line":44,"column":4},"end":{"line":50,"column":5}},"19":{"start":{"line":46,"column":6},"end":{"line":48,"column":7}},"20":{"start":{"line":47,"column":8},"end":{"line":47,"column":20}},"21":{"start":{"line":49,"column":6},"end":{"line":49,"column":15}},"22":{"start":{"line":53,"column":26},"end":{"line":53,"column":50}},"23":{"start":{"line":55,"column":4},"end":{"line":57,"column":5}},"24":{"start":{"line":56,"column":6},"end":{"line":56,"column":28}},"25":{"start":{"line":59,"column":4},"end":{"line":59,"column":16}},"26":{"start":{"line":60,"column":4},"end":{"line":60,"column":70}}},"fnMap":{"0":{"name":"(anonymous_0)","decl":{"start":{"line":11,"column":25},"end":{"line":11,"column":26}},"loc":{"start":{"line":11,"column":35},"end":{"line":62,"column":1}},"line":11}},"branchMap":{"0":{"loc":{"start":{"line":18,"column":4},"end":{"line":20,"column":5}},"type":"if","locations":[{"start":{"line":18,"column":4},"end":{"line":20,"column":5}},{"start":{},"end":{}}],"line":18},"1":{"loc":{"start":{"line":26,"column":4},"end":{"line":41,"column":5}},"type":"if","locations":[{"start":{"line":26,"column":4},"end":{"line":41,"column":5}},{"start":{"line":28,"column":11},"end":{"line":41,"column":5}}],"line":26},"2":{"loc":{"start":{"line":28,"column":11},"end":{"line":41,"column":5}},"type":"if","locations":[{"start":{"line":28,"column":11},"end":{"line":41,"column":5}},{"start":{"line":31,"column":11},"end":{"line":41,"column":5}}],"line":28},"3":{"loc":{"start":{"line":29,"column":26},"end":{"line":29,"column":83}},"type":"cond-expr","locations":[{"start":{"line":29,"column":74},"end":{"line":29,"column":77}},{"start":{"line":29,"column":80},"end":{"line":29,"column":83}}],"line":29},"4":{"loc":{"start":{"line":32,"column":26},"end":{"line":32,"column":75}},"type":"cond-expr","locations":[{"start":{"line":32,"column":66},"end":{"line":32,"column":69}},{"start":{"line":32,"column":72},"end":{"line":32,"column":75}}],"line":32},"5":{"loc":{"start":{"line":44,"column":4},"end":{"line":50,"column":5}},"type":"if","locations":[{"start":{"line":44,"column":4},"end":{"line":50,"column":5}},{"start":{},"end":{}}],"line":44},"6":{"loc":{"start":{"line":44,"column":8},"end":{"line":44,"column":54}},"type":"binary-expr","locations":[{"start":{"line":44,"column":8},"end":{"line":44,"column":23}},{"start":{"line":44,"column":27},"end":{"line":44,"column":54}}],"line":44},"7":{"loc":{"start":{"line":46,"column":6},"end":{"line":48,"column":7}},"type":"if","locations":[{"start":{"line":46,"column":6},"end":{"line":48,"column":7}},{"start":{},"end":{}}],"line":46}},"s":{"0":1,"1":3,"2":3,"3":3,"4":3,"5":3,"6":21,"7":3,"8":18,"9":18,"10":18,"11":3,"12":15,"13":8,"14":8,"15":7,"16":7,"17":7,"18":18,"19":12,"20":5,"21":12,"22":6,"23":6,"24":15,"25":6,"26":6},"f":{"0":3},"b":{"0":[3,18],"1":[3,15],"2":[8,7],"3":[6,2],"4":[6,1],"5":[12,6],"6":[18,6],"7":[5,7]},"_coverageSchema":"1a1c01bbd47fc00a2c39e90264f33305004495a9","hash":"6aca499ccabd77189ae739abb93b057a0988512c"}
}
