TN:
SF:src/printFsTree.js
FN:6,(anonymous_0)
FN:13,(anonymous_1)
FN:34,(anonymous_2)
FN:41,(anonymous_3)
FN:64,(anonymous_4)
FNF:5
FNH:4
FNDA:6,(anonymous_0)
FNDA:0,(anonymous_1)
FNDA:18,(anonymous_2)
FNDA:15,(anonymous_3)
FNDA:6,(anonymous_4)
DA:6,1
DA:7,6
DA:9,6
DA:10,6
DA:12,6
DA:13,5
DA:15,5
DA:17,5
DA:19,5
DA:20,3
DA:22,2
DA:25,1
DA:28,3
DA:34,1
DA:35,18
DA:36,18
DA:38,18
DA:39,6
DA:40,6
DA:41,15
DA:45,18
DA:64,1
DA:65,6
DA:66,3
DA:67,3
DA:68,3
DA:69,3
LF:27
LH:27
BRDA:12,0,0,5
BRDA:12,0,1,1
BRDA:19,1,0,3
BRDA:19,1,1,2
BRDA:19,2,0,5
BRDA:19,2,1,1
BRDA:19,2,2,5
BRDA:38,3,0,6
BRDA:38,3,1,12
BRDA:38,4,0,18
BRDA:38,4,1,11
BRDA:40,5,0,6
BRDA:40,5,1,0
BRF:13
BRH:12
end_of_record
TN:
SF:src/printTree.js
FN:11,(anonymous_0)
FNF:1
FNH:1
FNDA:3,(anonymous_0)
DA:11,1
DA:12,3
DA:13,3
DA:14,3
DA:15,3
DA:17,3
DA:18,21
DA:19,3
DA:22,18
DA:23,18
DA:26,18
DA:27,3
DA:28,15
DA:29,8
DA:30,8
DA:32,7
DA:38,7
DA:40,7
DA:44,18
DA:46,12
DA:47,5
DA:49,12
DA:53,6
DA:55,6
DA:56,15
DA:59,6
DA:60,6
LF:27
LH:27
BRDA:18,0,0,3
BRDA:18,0,1,18
BRDA:26,1,0,3
BRDA:26,1,1,15
BRDA:28,2,0,8
BRDA:28,2,1,7
BRDA:29,3,0,6
BRDA:29,3,1,2
BRDA:32,4,0,6
BRDA:32,4,1,1
BRDA:44,5,0,12
BRDA:44,5,1,6
BRDA:44,6,0,18
BRDA:44,6,1,6
BRDA:46,7,0,5
BRDA:46,7,1,7
BRF:16
BRH:16
end_of_record
